2020-08-18 15:09:43 ERROR - Failed to submit a listener notification task. Event loop shut down?
java.util.concurrent.RejectedExecutionException: event executor terminated
	at io.netty.util.concurrent.SingleThreadEventExecutor.reject(SingleThreadEventExecutor.java:836)
	at io.netty.util.concurrent.SingleThreadEventExecutor.offerTask(SingleThreadEventExecutor.java:342)
	at io.netty.util.concurrent.SingleThreadEventExecutor.addTask(SingleThreadEventExecutor.java:335)
	at io.netty.util.concurrent.SingleThreadEventExecutor.execute(SingleThreadEventExecutor.java:761)
	at io.netty.util.concurrent.DefaultPromise.safeExecute(DefaultPromise.java:767)
	at io.netty.util.concurrent.DefaultPromise.notifyListeners(DefaultPromise.java:435)
	at io.netty.util.concurrent.DefaultPromise.setFailure(DefaultPromise.java:120)
	at io.netty.channel.DefaultChannelPromise.setFailure(DefaultChannelPromise.java:87)
	at io.netty.channel.AbstractChannelHandlerContext.safeExecute(AbstractChannelHandlerContext.java:1021)
	at io.netty.channel.AbstractChannelHandlerContext.write(AbstractChannelHandlerContext.java:836)
	at io.netty.channel.AbstractChannelHandlerContext.writeAndFlush(AbstractChannelHandlerContext.java:805)
	at io.netty.channel.AbstractChannelHandlerContext.writeAndFlush(AbstractChannelHandlerContext.java:842)
	at io.netty.channel.DefaultChannelPipeline.writeAndFlush(DefaultChannelPipeline.java:1032)
	at io.netty.channel.AbstractChannel.writeAndFlush(AbstractChannel.java:296)
	at com.syp.netty.chart.client.handler.ChatClientHandler.sendMsg(ChatClientHandler.java:85)
	at com.syp.netty.chart.client.handler.ChatClientHandler.access$100(ChatClientHandler.java:18)
	at com.syp.netty.chart.client.handler.ChatClientHandler$1.run(ChatClientHandler.java:78)
2020-08-18 15:11:25 ERROR - Failed to submit a listener notification task. Event loop shut down?
java.util.concurrent.RejectedExecutionException: event executor terminated
	at io.netty.util.concurrent.SingleThreadEventExecutor.reject(SingleThreadEventExecutor.java:836)
	at io.netty.util.concurrent.SingleThreadEventExecutor.offerTask(SingleThreadEventExecutor.java:342)
	at io.netty.util.concurrent.SingleThreadEventExecutor.addTask(SingleThreadEventExecutor.java:335)
	at io.netty.util.concurrent.SingleThreadEventExecutor.execute(SingleThreadEventExecutor.java:761)
	at io.netty.util.concurrent.DefaultPromise.safeExecute(DefaultPromise.java:767)
	at io.netty.util.concurrent.DefaultPromise.notifyListeners(DefaultPromise.java:435)
	at io.netty.util.concurrent.DefaultPromise.setFailure(DefaultPromise.java:120)
	at io.netty.channel.DefaultChannelPromise.setFailure(DefaultChannelPromise.java:87)
	at io.netty.channel.AbstractChannelHandlerContext.safeExecute(AbstractChannelHandlerContext.java:1021)
	at io.netty.channel.AbstractChannelHandlerContext.write(AbstractChannelHandlerContext.java:836)
	at io.netty.channel.AbstractChannelHandlerContext.writeAndFlush(AbstractChannelHandlerContext.java:805)
	at io.netty.channel.AbstractChannelHandlerContext.writeAndFlush(AbstractChannelHandlerContext.java:842)
	at io.netty.channel.DefaultChannelPipeline.writeAndFlush(DefaultChannelPipeline.java:1032)
	at io.netty.channel.AbstractChannel.writeAndFlush(AbstractChannel.java:296)
	at com.syp.netty.chart.client.handler.ChatClientHandler.sendMsg(ChatClientHandler.java:85)
	at com.syp.netty.chart.client.handler.ChatClientHandler.access$100(ChatClientHandler.java:18)
	at com.syp.netty.chart.client.handler.ChatClientHandler$1.run(ChatClientHandler.java:78)
